This is pdfTeX, Version 3.1415926-2.5-1.40.14 (TeX Live 2013/Debian) (format=pdflatex 2015.1.23)  21 MAY 2015 12:25
entering extended mode
 \write18 enabled.
 %&-line parsing enabled.
**"Parser Document.tex"
(./Parser Document.tex
LaTeX2e <2011/06/27>
Babel <3.9h> and hyphenation patterns for 4 languages loaded.
(/usr/share/texlive/texmf-dist/tex/latex/base/article.cls
Document Class: article 2007/10/19 v1.4h Standard LaTeX document class
(/usr/share/texlive/texmf-dist/tex/latex/base/size12.clo
File: size12.clo 2007/10/19 v1.4h Standard LaTeX file (size option)
)
\c@part=\count79
\c@section=\count80
\c@subsection=\count81
\c@subsubsection=\count82
\c@paragraph=\count83
\c@subparagraph=\count84
\c@figure=\count85
\c@table=\count86
\abovecaptionskip=\skip41
\belowcaptionskip=\skip42
\bibindent=\dimen102
)
(/usr/share/texlive/texmf-dist/tex/latex/fancyhdr/fancyhdr.sty
\fancy@headwidth=\skip43
\f@ncyO@elh=\skip44
\f@ncyO@erh=\skip45
\f@ncyO@olh=\skip46
\f@ncyO@orh=\skip47
\f@ncyO@elf=\skip48
\f@ncyO@erf=\skip49
\f@ncyO@olf=\skip50
\f@ncyO@orf=\skip51
)
(/usr/share/texlive/texmf-dist/tex/latex/lastpage/lastpage.sty
Package: lastpage 2013/01/28 v1.2l Refers to last page's name (HMM; JPG)
)
(/usr/share/texlive/texmf-dist/tex/latex/fancyhdr/extramarks.sty
\@temptokenb=\toks14
)
(/usr/share/texlive/texmf-dist/tex/latex/graphics/color.sty
Package: color 2005/11/14 v1.0j Standard LaTeX Color (DPC)

(/usr/share/texlive/texmf-dist/tex/latex/latexconfig/color.cfg
File: color.cfg 2007/01/18 v1.5 color configuration of teTeX/TeXLive
)
Package color Info: Driver file: pdftex.def on input line 130.

(/usr/share/texlive/texmf-dist/tex/latex/pdftex-def/pdftex.def
File: pdftex.def 2011/05/27 v0.06d Graphics/color for pdfTeX

(/usr/share/texlive/texmf-dist/tex/generic/oberdiek/infwarerr.sty
Package: infwarerr 2010/04/08 v1.3 Providing info/warning/error messages (HO)
)
(/usr/share/texlive/texmf-dist/tex/generic/oberdiek/ltxcmds.sty
Package: ltxcmds 2011/11/09 v1.22 LaTeX kernel commands for general use (HO)
)
\Gread@gobject=\count87
)
(/usr/share/texlive/texmf-dist/tex/latex/graphics/dvipsnam.def
File: dvipsnam.def 1999/02/16 v3.0i Driver-dependant file (DPC,SPQR)
))
(/usr/share/texlive/texmf-dist/tex/latex/graphics/graphicx.sty
Package: graphicx 1999/02/16 v1.0f Enhanced LaTeX Graphics (DPC,SPQR)

(/usr/share/texlive/texmf-dist/tex/latex/graphics/keyval.sty
Package: keyval 1999/03/16 v1.13 key=value parser (DPC)
\KV@toks@=\toks15
)
(/usr/share/texlive/texmf-dist/tex/latex/graphics/graphics.sty
Package: graphics 2009/02/05 v1.0o Standard LaTeX Graphics (DPC,SPQR)

(/usr/share/texlive/texmf-dist/tex/latex/graphics/trig.sty
Package: trig 1999/03/16 v1.09 sin cos tan (DPC)
)
(/usr/share/texlive/texmf-dist/tex/latex/latexconfig/graphics.cfg
File: graphics.cfg 2010/04/23 v1.9 graphics configuration of TeX Live
)
Package graphics Info: Driver file: pdftex.def on input line 91.
)
\Gin@req@height=\dimen103
\Gin@req@width=\dimen104
)
(/usr/share/texlive/texmf-dist/tex/latex/listings/listings.sty
\lst@mode=\count88
\lst@gtempboxa=\box26
\lst@token=\toks16
\lst@length=\count89
\lst@currlwidth=\dimen105
\lst@column=\count90
\lst@pos=\count91
\lst@lostspace=\dimen106
\lst@width=\dimen107
\lst@newlines=\count92
\lst@lineno=\count93
\lst@maxwidth=\dimen108

(/usr/share/texlive/texmf-dist/tex/latex/listings/lstmisc.sty
File: lstmisc.sty 2013/08/26 1.5b (Carsten Heinz)
\c@lstnumber=\count94
\lst@skipnumbers=\count95
\lst@framebox=\box27
)
(/usr/share/texlive/texmf-dist/tex/latex/listings/listings.cfg
File: listings.cfg 2013/08/26 1.5b listings configuration
))
Package: listings 2013/08/26 1.5b (Carsten Heinz)

(/usr/share/texlive/texmf-dist/tex/latex/psnfss/courier.sty
Package: courier 2005/04/12 PSNFSS-v9.2a (WaS) 
) (./minted.sty
Package: minted 2011/09/17 v1.7 Yet another Pygments shim for LaTeX

(/usr/share/texlive/texmf-dist/tex/latex/fancyvrb/fancyvrb.sty
Package: fancyvrb 2008/02/07

Style option: `fancyvrb' v2.7a, with DG/SPQR fixes, and firstline=lastline fix 
<2008/02/07> (tvz)
\FV@CodeLineNo=\count96
\FV@InFile=\read1
\FV@TabBox=\box28
\c@FancyVerbLine=\count97
\FV@StepNumber=\count98
\FV@OutFile=\write3
) (/usr/share/texmf/tex/latex/xcolor/xcolor.sty
Package: xcolor 2007/01/21 v2.11 LaTeX color extensions (UK)

(/usr/share/texlive/texmf-dist/tex/latex/latexconfig/color.cfg
File: color.cfg 2007/01/18 v1.5 color configuration of teTeX/TeXLive
)
Package xcolor Info: Driver file: pdftex.def on input line 225.
LaTeX Info: Redefining \color on input line 702.
Package xcolor Info: Model `cmy' substituted by `cmy0' on input line 1337.
Package xcolor Info: Model `hsb' substituted by `rgb' on input line 1341.
Package xcolor Info: Model `RGB' extended on input line 1353.
Package xcolor Info: Model `HTML' substituted by `rgb' on input line 1355.
Package xcolor Info: Model `Hsb' substituted by `hsb' on input line 1356.
Package xcolor Info: Model `tHsb' substituted by `hsb' on input line 1357.
Package xcolor Info: Model `HSB' substituted by `hsb' on input line 1358.
Package xcolor Info: Model `Gray' substituted by `gray' on input line 1359.
Package xcolor Info: Model `wave' substituted by `hsb' on input line 1360.
)
(/usr/share/texlive/texmf-dist/tex/latex/float/float.sty
Package: float 2001/11/08 v1.3d Float enhancements (AL)
\c@float@type=\count99
\float@exts=\toks17
\float@box=\box29
\@float@everytoks=\toks18
\@floatcapt=\box30
)
(/usr/share/texlive/texmf-dist/tex/latex/base/ifthen.sty
Package: ifthen 2001/05/26 v1.1c Standard LaTeX ifthen package (DPC)
)
(/usr/share/texlive/texmf-dist/tex/latex/tools/calc.sty
Package: calc 2007/08/22 v4.3 Infix arithmetic (KKT,FJ)
\calc@Acount=\count100
\calc@Bcount=\count101
\calc@Adimen=\dimen109
\calc@Bdimen=\dimen110
\calc@Askip=\skip52
\calc@Bskip=\skip53
LaTeX Info: Redefining \setlength on input line 76.
LaTeX Info: Redefining \addtolength on input line 77.
\calc@Ccount=\count102
\calc@Cskip=\skip54
)
(/usr/share/texlive/texmf-dist/tex/latex/ifplatform/ifplatform.sty
Package: ifplatform 2010/10/22 v0.4 Testing for the operating system

(/usr/share/texlive/texmf-dist/tex/generic/oberdiek/pdftexcmds.sty
Package: pdftexcmds 2011/11/29 v0.20 Utility functions of pdfTeX for LuaTeX (HO
)

(/usr/share/texlive/texmf-dist/tex/generic/oberdiek/ifluatex.sty
Package: ifluatex 2010/03/01 v1.3 Provides the ifluatex switch (HO)
Package ifluatex Info: LuaTeX not detected.
)
(/usr/share/texlive/texmf-dist/tex/generic/oberdiek/ifpdf.sty
Package: ifpdf 2011/01/30 v2.3 Provides the ifpdf switch (HO)
Package ifpdf Info: pdfTeX in PDF mode is detected.
)
Package pdftexcmds Info: LuaTeX not detected.
Package pdftexcmds Info: \pdf@primitive is available.
Package pdftexcmds Info: \pdf@ifprimitive is available.
Package pdftexcmds Info: \pdfdraftmode found.
)
(/usr/share/texlive/texmf-dist/tex/generic/oberdiek/catchfile.sty
Package: catchfile 2011/03/01 v1.6 Catch the contents of a file (HO)

(/usr/share/texlive/texmf-dist/tex/generic/oberdiek/etexcmds.sty
Package: etexcmds 2011/02/16 v1.5 Avoid name clashes with e-TeX commands (HO)
Package etexcmds Info: Could not find \expanded.
(etexcmds)             That can mean that you are not using pdfTeX 1.50 or
(etexcmds)             that some package has redefined \expanded.
(etexcmds)             In the latter case, load this package earlier.
))
runsystem(uname -s > ""Parser Document".w18")...executed.



! Package catchfile Error: File `"Parser Document".w18' not found.

See the catchfile package documentation for explanation.
Type  H <return>  for immediate help.
 ...                                              
                                                  
l.93     \CatchFileDef\@tempa{\ip@file}{}
                                         
? r
OK, entering \nonstopmode...
runsystem(rm -- ""Parser Document".w18")...executed.

! Argument of \zap@space has an extra }.
<inserted text> 
                \par 
l.95 ...empa{\expandafter\zap@space\@tempa\@empty}
                                                  
I've run across a `}' that doesn't seem to match anything.
For example, `\def\a#1{...}' and `\a}' would produce
this error. If you simply proceed now, the `\par' that
I've just inserted will cause me to report a runaway
argument that might be the root of the problem. But if
your `}' was spurious, just type `2' and it will go away.

Runaway argument?
\@empty 
! Paragraph ended before \zap@space was complete.
<to be read again> 
                   \par 
l.95 ...empa{\expandafter\zap@space\@tempa\@empty}
                                                  
I suspect you've forgotten a `}', causing me to apply this
control sequence to too much text. How can we recover?
My plan is to forget the whole thing and hope for the best.

Runaway argument?
! Paragraph ended before \ip@only@six was complete.
<to be read again> 
                   \par 
l.105 ...ef\@tempc{\expandafter\ip@only@six\@tempa
                                                  ------\@nil}
I suspect you've forgotten a `}', causing me to apply this
control sequence to too much text. How can we recover?
My plan is to forget the whole thing and hope for the best.

! Undefined control sequence.
l.105 ...expandafter\ip@only@six\@tempa------\@nil
                                                  }
The control sequence at the end of the top line
of your error message was never \def'ed. If you have
misspelled it (e.g., `\hobx'), type `I' and the correct
spelling (e.g., `I\hbox'). Otherwise just continue,
and I'll forget about whatever was undefined.

)

! LaTeX Error: Command \TestAppExists already defined.
               Or name \end... illegal, see p.192 of the manual.

See the LaTeX manual or LaTeX Companion for explanation.
Type  H <return>  for immediate help.
 ...                                              
                                                  
l.68   \fi}
           
Your command was ignored.
Type  I <command> <return>  to replace it with another command,
or  <return>  to continue without it.

\minted@bgbox=\box31
\minted@code=\write4
\@float@every@listing=\toks19
\c@listing=\count103
) (/usr/share/texlive/texmf-dist/tex/latex/tcolorbox/tcolorbox.sty
Package: tcolorbox 2014/02/06 version 2.70 text color boxes

(/usr/share/texmf/tex/latex/pgf/basiclayer/pgf.sty
(/usr/share/texmf/tex/latex/pgf/utilities/pgfrcs.sty
(/usr/share/texmf/tex/generic/pgf/utilities/pgfutil-common.tex
\pgfutil@everybye=\toks20
)
(/usr/share/texmf/tex/generic/pgf/utilities/pgfutil-latex.def
\pgfutil@abb=\box32

(/usr/share/texlive/texmf-dist/tex/latex/ms/everyshi.sty
Package: everyshi 2001/05/15 v3.00 EveryShipout Package (MS)
))
(/usr/share/texmf/tex/generic/pgf/utilities/pgfrcs.code.tex
Package: pgfrcs 2010/10/25 v2.10 (rcs-revision 1.24)
))
Package: pgf 2008/01/15 v2.10 (rcs-revision 1.12)

(/usr/share/texmf/tex/latex/pgf/basiclayer/pgfcore.sty
(/usr/share/texmf/tex/latex/pgf/systemlayer/pgfsys.sty
(/usr/share/texmf/tex/generic/pgf/systemlayer/pgfsys.code.tex
Package: pgfsys 2010/06/30 v2.10 (rcs-revision 1.37)

(/usr/share/texmf/tex/generic/pgf/utilities/pgfkeys.code.tex
\pgfkeys@pathtoks=\toks21
\pgfkeys@temptoks=\toks22

(/usr/share/texmf/tex/generic/pgf/utilities/pgfkeysfiltered.code.tex
\pgfkeys@tmptoks=\toks23
))
\pgf@x=\dimen111
\pgf@y=\dimen112
\pgf@xa=\dimen113
\pgf@ya=\dimen114
\pgf@xb=\dimen115
\pgf@yb=\dimen116
\pgf@xc=\dimen117
\pgf@yc=\dimen118
\w@pgf@writea=\write5
\r@pgf@reada=\read2
\c@pgf@counta=\count104
\c@pgf@countb=\count105
\c@pgf@countc=\count106
\c@pgf@countd=\count107

(/usr/share/texmf/tex/generic/pgf/systemlayer/pgf.cfg
File: pgf.cfg 2008/05/14  (rcs-revision 1.7)
)
Package pgfsys Info: Driver file for pgf: pgfsys-pdftex.def on input line 900.

(/usr/share/texmf/tex/generic/pgf/systemlayer/pgfsys-pdftex.def
File: pgfsys-pdftex.def 2009/05/22  (rcs-revision 1.26)

(/usr/share/texmf/tex/generic/pgf/systemlayer/pgfsys-common-pdf.def
File: pgfsys-common-pdf.def 2008/05/19  (rcs-revision 1.10)
)))
(/usr/share/texmf/tex/generic/pgf/systemlayer/pgfsyssoftpath.code.tex
File: pgfsyssoftpath.code.tex 2008/07/18  (rcs-revision 1.7)
\pgfsyssoftpath@smallbuffer@items=\count108
\pgfsyssoftpath@bigbuffer@items=\count109
)
(/usr/share/texmf/tex/generic/pgf/systemlayer/pgfsysprotocol.code.tex
File: pgfsysprotocol.code.tex 2006/10/16  (rcs-revision 1.4)
))
(/usr/share/texmf/tex/generic/pgf/basiclayer/pgfcore.code.tex
Package: pgfcore 2010/04/11 v2.10 (rcs-revision 1.7)

(/usr/share/texmf/tex/generic/pgf/math/pgfmath.code.tex
(/usr/share/texmf/tex/generic/pgf/math/pgfmathcalc.code.tex
(/usr/share/texmf/tex/generic/pgf/math/pgfmathutil.code.tex)
(/usr/share/texmf/tex/generic/pgf/math/pgfmathparser.code.tex
\pgfmath@dimen=\dimen119
\pgfmath@count=\count110
\pgfmath@box=\box33
\pgfmath@toks=\toks24
\pgfmath@stack@operand=\toks25
\pgfmath@stack@operation=\toks26
)
(/usr/share/texmf/tex/generic/pgf/math/pgfmathfunctions.code.tex
(/usr/share/texmf/tex/generic/pgf/math/pgfmathfunctions.basic.code.tex)
(/usr/share/texmf/tex/generic/pgf/math/pgfmathfunctions.trigonometric.code.tex)
(/usr/share/texmf/tex/generic/pgf/math/pgfmathfunctions.random.code.tex)
(/usr/share/texmf/tex/generic/pgf/math/pgfmathfunctions.comparison.code.tex)
(/usr/share/texmf/tex/generic/pgf/math/pgfmathfunctions.base.code.tex)
(/usr/share/texmf/tex/generic/pgf/math/pgfmathfunctions.round.code.tex)
(/usr/share/texmf/tex/generic/pgf/math/pgfmathfunctions.misc.code.tex)))
(/usr/share/texmf/tex/generic/pgf/math/pgfmathfloat.code.tex
\c@pgfmathroundto@lastzeros=\count111
))
(/usr/share/texmf/tex/generic/pgf/basiclayer/pgfcorepoints.code.tex
File: pgfcorepoints.code.tex 2010/04/09  (rcs-revision 1.20)
\pgf@picminx=\dimen120
\pgf@picmaxx=\dimen121
\pgf@picminy=\dimen122
\pgf@picmaxy=\dimen123
\pgf@pathminx=\dimen124
\pgf@pathmaxx=\dimen125
\pgf@pathminy=\dimen126
\pgf@pathmaxy=\dimen127
\pgf@xx=\dimen128
\pgf@xy=\dimen129
\pgf@yx=\dimen130
\pgf@yy=\dimen131
\pgf@zx=\dimen132
\pgf@zy=\dimen133
)
(/usr/share/texmf/tex/generic/pgf/basiclayer/pgfcorepathconstruct.code.tex
File: pgfcorepathconstruct.code.tex 2010/08/03  (rcs-revision 1.24)
\pgf@path@lastx=\dimen134
\pgf@path@lasty=\dimen135
)
(/usr/share/texmf/tex/generic/pgf/basiclayer/pgfcorepathusage.code.tex
File: pgfcorepathusage.code.tex 2008/04/22  (rcs-revision 1.12)
\pgf@shorten@end@additional=\dimen136
\pgf@shorten@start@additional=\dimen137
)
(/usr/share/texmf/tex/generic/pgf/basiclayer/pgfcorescopes.code.tex
File: pgfcorescopes.code.tex 2010/09/08  (rcs-revision 1.34)
\pgfpic=\box34
\pgf@hbox=\box35
\pgf@layerbox@main=\box36
\pgf@picture@serial@count=\count112
)
(/usr/share/texmf/tex/generic/pgf/basiclayer/pgfcoregraphicstate.code.tex
File: pgfcoregraphicstate.code.tex 2008/04/22  (rcs-revision 1.9)
\pgflinewidth=\dimen138
)
(/usr/share/texmf/tex/generic/pgf/basiclayer/pgfcoretransformations.code.tex
File: pgfcoretransformations.code.tex 2009/06/10  (rcs-revision 1.11)
\pgf@pt@x=\dimen139
\pgf@pt@y=\dimen140
\pgf@pt@temp=\dimen141
)
(/usr/share/texmf/tex/generic/pgf/basiclayer/pgfcorequick.code.tex
File: pgfcorequick.code.tex 2008/10/09  (rcs-revision 1.3)
)
(/usr/share/texmf/tex/generic/pgf/basiclayer/pgfcoreobjects.code.tex
File: pgfcoreobjects.code.tex 2006/10/11  (rcs-revision 1.2)
)
(/usr/share/texmf/tex/generic/pgf/basiclayer/pgfcorepathprocessing.code.tex
File: pgfcorepathprocessing.code.tex 2008/10/09  (rcs-revision 1.8)
)
(/usr/share/texmf/tex/generic/pgf/basiclayer/pgfcorearrows.code.tex
File: pgfcorearrows.code.tex 2008/04/23  (rcs-revision 1.11)
)
(/usr/share/texmf/tex/generic/pgf/basiclayer/pgfcoreshade.code.tex
File: pgfcoreshade.code.tex 2008/11/23  (rcs-revision 1.13)
\pgf@max=\dimen142
\pgf@sys@shading@range@num=\count113
)
(/usr/share/texmf/tex/generic/pgf/basiclayer/pgfcoreimage.code.tex
File: pgfcoreimage.code.tex 2010/03/25  (rcs-revision 1.16)

(/usr/share/texmf/tex/generic/pgf/basiclayer/pgfcoreexternal.code.tex
File: pgfcoreexternal.code.tex 2010/09/01  (rcs-revision 1.17)
\pgfexternal@startupbox=\box37
))
(/usr/share/texmf/tex/generic/pgf/basiclayer/pgfcorelayers.code.tex
File: pgfcorelayers.code.tex 2010/08/27  (rcs-revision 1.2)
)
(/usr/share/texmf/tex/generic/pgf/basiclayer/pgfcoretransparency.code.tex
File: pgfcoretransparency.code.tex 2008/01/17  (rcs-revision 1.2)
)
(/usr/share/texmf/tex/generic/pgf/basiclayer/pgfcorepatterns.code.tex
File: pgfcorepatterns.code.tex 2009/07/02  (rcs-revision 1.3)
)))
(/usr/share/texmf/tex/generic/pgf/modules/pgfmoduleshapes.code.tex
File: pgfmoduleshapes.code.tex 2010/09/09  (rcs-revision 1.13)
\pgfnodeparttextbox=\box38
)
(/usr/share/texmf/tex/generic/pgf/modules/pgfmoduleplot.code.tex
File: pgfmoduleplot.code.tex 2010/10/22  (rcs-revision 1.8)
)
(/usr/share/texmf/tex/latex/pgf/compatibility/pgfcomp-version-0-65.sty
Package: pgfcomp-version-0-65 2007/07/03 v2.10 (rcs-revision 1.7)
\pgf@nodesepstart=\dimen143
\pgf@nodesepend=\dimen144
)
(/usr/share/texmf/tex/latex/pgf/compatibility/pgfcomp-version-1-18.sty
Package: pgfcomp-version-1-18 2007/07/23 v2.10 (rcs-revision 1.1)
))
(/usr/share/texlive/texmf-dist/tex/latex/tools/verbatim.sty
Package: verbatim 2003/08/22 v1.5q LaTeX2e package for verbatim enhancements
\every@verbatim=\toks27
\verbatim@line=\toks28
\verbatim@in@stream=\read3
)
(/usr/share/texlive/texmf-dist/tex/latex/environ/environ.sty
Package: environ 2013/04/01 v0.3 A new environment syntax

(/usr/share/texlive/texmf-dist/tex/latex/trimspaces/trimspaces.sty
Package: trimspaces 2009/09/17 v1.1 Trim spaces around a token list
)
\@envbody=\toks29
)
(/usr/share/texlive/texmf-dist/tex/latex/etoolbox/etoolbox.sty
Package: etoolbox 2011/01/03 v2.1 e-TeX tools for LaTeX

(/usr/share/texlive/texmf-dist/tex/latex/etex-pkg/etex.sty
Package: etex 1998/03/26 v2.0 eTeX basic definition package (PEB)
\et@xins=\count114
)
\etb@tempcnta=\count115
)
\tcb@titlebox=\box39
\tcb@upperbox=\box40
\tcb@lowerbox=\box41
\tcb@phantombox=\box42
\c@tcbbreakpart=\count116
\c@tcblayer=\count117
\tcb@temp=\box43
\tcb@temp=\box44
\tcb@temp=\box45
\tcb@temp=\box46
\tcb@out=\write6
)
(/usr/share/texlive/texmf-dist/tex/latex/listings/lstlang1.sty
File: lstlang1.sty 2013/08/26 1.5b listings language file
)
(/usr/share/texlive/texmf-dist/tex/latex/listings/lstlang1.sty
File: lstlang1.sty 2013/08/26 1.5b listings language file
)
(/usr/share/texlive/texmf-dist/tex/latex/listings/lstlang2.sty
File: lstlang2.sty 2013/08/26 1.5b listings language file
)
\c@homeworkProblemCounter=\count118

! Too many }'s.
l.194 ...mand{\emailId}{\texttt{solanki@unbc.ca}}}
                                                  
You've closed more groups than you opened.
Such booboos are generally harmless, so keep going.

(./Parser Document.aux)
\openout1 = `"Parser Document.aux"'.

LaTeX Font Info:    Checking defaults for OML/cmm/m/it on input line 214.
LaTeX Font Info:    ... okay on input line 214.
LaTeX Font Info:    Checking defaults for T1/cmr/m/n on input line 214.
LaTeX Font Info:    ... okay on input line 214.
LaTeX Font Info:    Checking defaults for OT1/cmr/m/n on input line 214.
LaTeX Font Info:    ... okay on input line 214.
LaTeX Font Info:    Checking defaults for OMS/cmsy/m/n on input line 214.
LaTeX Font Info:    ... okay on input line 214.
LaTeX Font Info:    Checking defaults for OMX/cmex/m/n on input line 214.
LaTeX Font Info:    ... okay on input line 214.
LaTeX Font Info:    Checking defaults for U/cmr/m/n on input line 214.
LaTeX Font Info:    ... okay on input line 214.
Package lastpage Info: Please have a look at the pageslts package at
(lastpage)             http://www.ctan.org/tex-archive/ 
(lastpage)             macros/latex/contrib/pageslts/ 
(lastpage)             or
(lastpage)             http://www.ctan.org/tex-archive/ 
(lastpage)             install/macros/latex/contrib/pageslts.tds.zip
(lastpage)             ! on input line 214.

(/usr/share/texlive/texmf-dist/tex/context/base/supp-pdf.mkii
[Loading MPS to PDF converter (version 2006.09.02).]
\scratchcounter=\count119
\scratchdimen=\dimen145
\scratchbox=\box47
\nofMPsegments=\count120
\nofMParguments=\count121
\everyMPshowfont=\toks30
\MPscratchCnt=\count122
\MPscratchDim=\dimen146
\MPnumerator=\count123
\makeMPintoPDFobject=\count124
\everyMPtoPDFconversion=\toks31
) (/usr/share/texlive/texmf-dist/tex/latex/oberdiek/epstopdf-base.sty
Package: epstopdf-base 2010/02/09 v2.5 Base part for package epstopdf

(/usr/share/texlive/texmf-dist/tex/latex/oberdiek/grfext.sty
Package: grfext 2010/08/19 v1.1 Manage graphics extensions (HO)

(/usr/share/texlive/texmf-dist/tex/generic/oberdiek/kvdefinekeys.sty
Package: kvdefinekeys 2011/04/07 v1.3 Define keys (HO)
))
(/usr/share/texlive/texmf-dist/tex/latex/oberdiek/kvoptions.sty
Package: kvoptions 2011/06/30 v3.11 Key value format for package options (HO)

(/usr/share/texlive/texmf-dist/tex/generic/oberdiek/kvsetkeys.sty
Package: kvsetkeys 2012/04/25 v1.16 Key value parser (HO)
))
Package grfext Info: Graphics extension search list:
(grfext)             [.png,.pdf,.jpg,.mps,.jpeg,.jbig2,.jb2,.PNG,.PDF,.JPG,.JPE
G,.JBIG2,.JB2,.eps]
(grfext)             \AppendGraphicsExtensions on input line 452.

(/usr/share/texlive/texmf-dist/tex/latex/latexconfig/epstopdf-sys.cfg
File: epstopdf-sys.cfg 2010/07/13 v1.3 Configuration of (r)epstopdf for TeX Liv
e
))
\c@lstlisting=\count125
runsystem(pygmentize -S default -f latex > "Parser Document".pyg)...executed.


(./Parser Document.pyg) ABD: EveryShipout initializing macros
LaTeX Font Info:    External font `cmex10' loaded for size
(Font)              <14.4> on input line 216.
LaTeX Font Info:    External font `cmex10' loaded for size
(Font)              <7> on input line 216.
LaTeX Font Info:    Try loading font information for OT1+pcr on input line 216.


(/usr/share/texlive/texmf-dist/tex/latex/psnfss/ot1pcr.fd
File: ot1pcr.fd 2001/06/04 font definitions for OT1/pcr.
) [1

{/var/lib/texmf/fonts/map/pdftex/updmap/pdftex.map}] (./Parser Document.toc
LaTeX Font Info:    External font `cmex10' loaded for size
(Font)              <12> on input line 2.
LaTeX Font Info:    External font `cmex10' loaded for size
(Font)              <8> on input line 2.
LaTeX Font Info:    External font `cmex10' loaded for size
(Font)              <6> on input line 2.
)
\tf@toc=\write7
\openout7 = `"Parser Document.toc"'.



Package Fancyhdr Warning: \headheight is too small (12.0pt): 
 Make it at least 14.49998pt.
 We now make it that large for the rest of the document.
 This may cause the page layout to be inconsistent, however.

[2]
! Undefined control sequence.
l.228 \listoflisting
                    
The control sequence at the end of the top line
of your error message was never \def'ed. If you have
misspelled it (e.g., `\hobx'), type `I' and the correct
spelling (e.g., `I\hbox'). Otherwise just continue,
and I'll forget about whatever was undefined.

LaTeX Font Info:    Try loading font information for OML+cmr on input line 254.

(/usr/share/texlive/texmf-dist/tex/latex/base/omlcmr.fd
File: omlcmr.fd 1999/05/25 v2.5h Standard LaTeX font definitions
)
LaTeX Font Info:    Font shape `OML/cmr/m/n' in size <12> not available
(Font)              Font shape `OML/cmm/m/it' tried instead on input line 254.
\openout4 = `"Parser Document.pyg"'.

runsystem(pygmentize -l haskell -f latex -F tokenmerge             -P "verbopti
ons= " -o "Parser Document".out.pyg "Parser Document".pyg)...executed.


(./Parser Document.out.pyg
LaTeX Font Info:    Font shape `OT1/pcr/bx/n' in size <12> not available
(Font)              Font shape `OT1/pcr/b/n' tried instead on input line 2.
)
runsystem(rm "Parser Document".out.pyg)...executed.

runsystem(rm "Parser Document".pyg)...executed.

\openout4 = `"Parser Document.pyg"'.

runsystem(pygmentize -l haskell -f latex -F tokenmerge             -P "verbopti
ons= " -o "Parser Document".out.pyg "Parser Document".pyg)...executed.

 (./Parser Document.out.pyg)
runsystem(rm "Parser Document".out.pyg)...executed.

runsystem(rm "Parser Document".pyg)...executed.

\openout4 = `"Parser Document.pyg"'.

runsystem(pygmentize -l haskell -f latex -F tokenmerge             -P "verbopti
ons= " -o "Parser Document".out.pyg "Parser Document".pyg)...executed.


(./Parser Document.out.pyg)
runsystem(rm "Parser Document".out.pyg)...executed.

runsystem(rm "Parser Document".pyg)...executed.

\openout4 = `"Parser Document.pyg"'.

runsystem(pygmentize -l haskell -f latex -F tokenmerge             -P "verbopti
ons= " -o "Parser Document".out.pyg "Parser Document".pyg)...executed.

 (./Parser Document.out.pyg)
runsystem(rm "Parser Document".out.pyg)...executed.

runsystem(rm "Parser Document".pyg)...executed.

\openout3 = `"Parser Document.pyg"'.

runsystem(pygmentize -l haskell -f latex -F tokenmerge             -P "verbopti
ons= " -o "Parser Document".out.pyg "Parser Document".pyg)...executed.


(./Parser Document.out.pyg
Overfull \hbox (0.1172pt too wide) in paragraph at lines 265--1
[]\OT1/cmr/m/n/12 Text.ParserCombinators.Parsec.Prim.\OT1/cmr/bx/n/12 parseTest
\OT1/cmr/m/n/12 , for test-ing / run-ning parsers.       
 []

)
runsystem(rm "Parser Document".out.pyg)...executed.

runsystem(rm "Parser Document".pyg)...executed.

\openout4 = `"Parser Document.pyg"'.

runsystem(pygmentize -l haskell -f latex -F tokenmerge             -P "verbopti
ons= " -o "Parser Document".out.pyg "Parser Document".pyg)...executed.

 (./Parser Document.out.pyg)
runsystem(rm "Parser Document".out.pyg)...executed.

runsystem(rm "Parser Document".pyg)...executed.

\openout4 = `"Parser Document.pyg"'.

runsystem(pygmentize -l haskell -f latex -F tokenmerge             -P "verbopti
ons= " -o "Parser Document".out.pyg "Parser Document".pyg)...executed.

 (./Parser Document.out.pyg
Underfull \hbox (badness 10000) in paragraph at lines 274--1

 []

)
runsystem(rm "Parser Document".out.pyg)...executed.

runsystem(rm "Parser Document".pyg)...executed.

\openout3 = `"Parser Document.pyg"'.

runsystem(pygmentize -l haskell -f latex -F tokenmerge             -P "verbopti
ons= " -o "Parser Document".out.pyg "Parser Document".pyg)...executed.

 (./Parser Document.out.pyg)
runsystem(rm "Parser Document".out.pyg)...executed.

runsystem(rm "Parser Document".pyg)...executed.

\openout3 = `"Parser Document.pyg"'.

runsystem(pygmentize -l haskell -f latex -F tokenmerge             -P "verbopti
ons= " -o "Parser Document".out.pyg "Parser Document".pyg)...executed.

 (./Parser Document.out.pyg

Package Fancyhdr Warning: \headheight is too small (12.0pt): 
 Make it at least 14.49998pt.
 We now make it that large for the rest of the document.
 This may cause the page layout to be inconsistent, however.

[3])
runsystem(rm "Parser Document".out.pyg)...executed.

runsystem(rm "Parser Document".pyg)...executed.

LaTeX Font Info:    Font shape `OML/cmr/m/it' in size <12> not available
(Font)              Font shape `OML/cmm/m/it' tried instead on input line 299.
\openout3 = `"Parser Document.pyg"'.

runsystem(pygmentize -l haskell -f latex -F tokenmerge             -P "verbopti
ons= " -o "Parser Document".out.pyg "Parser Document".pyg)...executed.

 (./Parser Document.out.pyg)
runsystem(rm "Parser Document".out.pyg)...executed.

runsystem(rm "Parser Document".pyg)...executed.

\openout3 = `"Parser Document.pyg"'.

runsystem(pygmentize -l haskell -f latex -F tokenmerge             -P "verbopti
ons= " -o "Parser Document".out.pyg "Parser Document".pyg)...executed.

 (./Parser Document.out.pyg)
runsystem(rm "Parser Document".out.pyg)...executed.

runsystem(rm "Parser Document".pyg)...executed.

\openout3 = `"Parser Document.pyg"'.

runsystem(pygmentize -l haskell -f latex -F tokenmerge             -P "verbopti
ons= " -o "Parser Document".out.pyg "Parser Document".pyg)...executed.


(./Parser Document.out.pyg)
runsystem(rm "Parser Document".out.pyg)...executed.

runsystem(rm "Parser Document".pyg)...executed.

\openout3 = `"Parser Document.pyg"'.

runsystem(pygmentize -l haskell -f latex -F tokenmerge             -P "verbopti
ons= " -o "Parser Document".out.pyg "Parser Document".pyg)...executed.

 (./Parser Document.out.pyg)
runsystem(rm "Parser Document".out.pyg)...executed.

runsystem(rm "Parser Document".pyg)...executed.

\openout3 = `"Parser Document.pyg"'.

runsystem(pygmentize -l haskell -f latex -F tokenmerge             -P "verbopti
ons= " -o "Parser Document".out.pyg "Parser Document".pyg)...executed.


(./Parser Document.out.pyg
LaTeX Font Info:    Font shape `OT1/pcr/m/it' in size <12> not available
(Font)              Font shape `OT1/pcr/m/sl' tried instead on input line 4.
)
runsystem(rm "Parser Document".out.pyg)...executed.

runsystem(rm "Parser Document".pyg)...executed.

\openout3 = `"Parser Document.pyg"'.

runsystem(pygmentize -l haskell -f latex -F tokenmerge             -P "verbopti
ons= " -o "Parser Document".out.pyg "Parser Document".pyg)...executed.

 (./Parser Document.out.pyg

Package Fancyhdr Warning: \headheight is too small (12.0pt): 
 Make it at least 14.49998pt.
 We now make it that large for the rest of the document.
 This may cause the page layout to be inconsistent, however.

[4])
runsystem(rm "Parser Document".out.pyg)...executed.

runsystem(rm "Parser Document".pyg)...executed.

\openout3 = `"Parser Document.pyg"'.

runsystem(pygmentize -l haskell -f latex -F tokenmerge            -P linenos -P
 "verboptions= " -o "Parser Document".out.pyg "Parser Document".pyg)...executed
.

 (./Parser Document.out.pyg

Package Fancyhdr Warning: \headheight is too small (12.0pt): 
 Make it at least 14.49998pt.
 We now make it that large for the rest of the document.
 This may cause the page layout to be inconsistent, however.

[5])
runsystem(rm "Parser Document".out.pyg)...executed.

runsystem(rm "Parser Document".pyg)...executed.

\openout4 = `"Parser Document.pyg"'.

runsystem(pygmentize -l haskell -f latex -F tokenmerge             -P "verbopti
ons= " -o "Parser Document".out.pyg "Parser Document".pyg)...executed.

 (./Parser Document.out.pyg)
runsystem(rm "Parser Document".out.pyg)...executed.

runsystem(rm "Parser Document".pyg)...executed.

\openout3 = `"Parser Document.pyg"'.

runsystem(pygmentize -l haskell -f latex -F tokenmerge            -P linenos -P
 "verboptions= " -o "Parser Document".out.pyg "Parser Document".pyg)...executed
.

 (./Parser Document.out.pyg

Package Fancyhdr Warning: \headheight is too small (12.0pt): 
 Make it at least 14.49998pt.
 We now make it that large for the rest of the document.
 This may cause the page layout to be inconsistent, however.

[6])
runsystem(rm "Parser Document".out.pyg)...executed.

runsystem(rm "Parser Document".pyg)...executed.

\openout3 = `"Parser Document.pyg"'.

runsystem(pygmentize -l haskell -f latex -F tokenmerge             -P "verbopti
ons= " -o "Parser Document".out.pyg "Parser Document".pyg)...executed.

 (./Parser Document.out.pyg)
runsystem(rm "Parser Document".out.pyg)...executed.

runsystem(rm "Parser Document".pyg)...executed.

\openout4 = `"Parser Document.pyg"'.

runsystem(pygmentize -l haskell -f latex -F tokenmerge             -P "verbopti
ons= " -o "Parser Document".out.pyg "Parser Document".pyg)...executed.

 (./Parser Document.out.pyg)
runsystem(rm "Parser Document".out.pyg)...executed.

runsystem(rm "Parser Document".pyg)...executed.

\openout4 = `"Parser Document.pyg"'.

runsystem(pygmentize -l haskell -f latex -F tokenmerge             -P "verbopti
ons= " -o "Parser Document".out.pyg "Parser Document".pyg)...executed.


(./Parser Document.out.pyg)
runsystem(rm "Parser Document".out.pyg)...executed.

runsystem(rm "Parser Document".pyg)...executed.

\openout4 = `"Parser Document.pyg"'.

runsystem(pygmentize -l haskell -f latex -F tokenmerge             -P "verbopti
ons= " -o "Parser Document".out.pyg "Parser Document".pyg)...executed.

 (./Parser Document.out.pyg)
runsystem(rm "Parser Document".out.pyg)...executed.

runsystem(rm "Parser Document".pyg)...executed.

\openout4 = `"Parser Document.pyg"'.

runsystem(pygmentize -l haskell -f latex -F tokenmerge             -P "verbopti
ons= " -o "Parser Document".out.pyg "Parser Document".pyg)...executed.


(./Parser Document.out.pyg)
runsystem(rm "Parser Document".out.pyg)...executed.

runsystem(rm "Parser Document".pyg)...executed.



Package Fancyhdr Warning: \headheight is too small (12.0pt): 
 Make it at least 14.49998pt.
 We now make it that large for the rest of the document.
 This may cause the page layout to be inconsistent, however.

[7]
\openout4 = `"Parser Document.pyg"'.

runsystem(pygmentize -l haskell -f latex -F tokenmerge             -P "verbopti
ons= " -o "Parser Document".out.pyg "Parser Document".pyg)...executed.

 (./Parser Document.out.pyg)
runsystem(rm "Parser Document".out.pyg)...executed.

runsystem(rm "Parser Document".pyg)...executed.

\openout3 = `"Parser Document.pyg"'.

runsystem(pygmentize -l haskell -f latex -F tokenmerge             -P "verbopti
ons= " -o "Parser Document".out.pyg "Parser Document".pyg)...executed.

 (./Parser Document.out.pyg

Package Fancyhdr Warning: \headheight is too small (12.0pt): 
 Make it at least 14.49998pt.
 We now make it that large for the rest of the document.
 This may cause the page layout to be inconsistent, however.

[8])
runsystem(rm "Parser Document".out.pyg)...executed.

runsystem(rm "Parser Document".pyg)...executed.

\openout4 = `"Parser Document.pyg"'.

runsystem(pygmentize -l haskell -f latex -F tokenmerge             -P "verbopti
ons= " -o "Parser Document".out.pyg "Parser Document".pyg)...executed.

 (./Parser Document.out.pyg)
runsystem(rm "Parser Document".out.pyg)...executed.

runsystem(rm "Parser Document".pyg)...executed.

\openout3 = `"Parser Document.pyg"'.

runsystem(pygmentize -l haskell -f latex -F tokenmerge             -P "verbopti
ons= " -o "Parser Document".out.pyg "Parser Document".pyg)...executed.

 (./Parser Document.out.pyg)
runsystem(rm "Parser Document".out.pyg)...executed.

runsystem(rm "Parser Document".pyg)...executed.



Package Fancyhdr Warning: \headheight is too small (12.0pt): 
 Make it at least 14.49998pt.
 We now make it that large for the rest of the document.
 This may cause the page layout to be inconsistent, however.

[9]
\openout3 = `"Parser Document.pyg"'.

runsystem(pygmentize -l haskell -f latex -F tokenmerge            -P linenos -P
 "verboptions= " -o "Parser Document".out.pyg "Parser Document".pyg)...executed
.

 (./Parser Document.out.pyg

Package Fancyhdr Warning: \headheight is too small (12.0pt): 
 Make it at least 14.49998pt.
 We now make it that large for the rest of the document.
 This may cause the page layout to be inconsistent, however.

[10])
runsystem(rm "Parser Document".out.pyg)...executed.

runsystem(rm "Parser Document".pyg)...executed.

\openout3 = `"Parser Document.pyg"'.

runsystem(pygmentize -l haskell -f latex -F tokenmerge            -P linenos -P
 "verboptions= " -o "Parser Document".out.pyg "Parser Document".pyg)...executed
.

 (./Parser Document.out.pyg

Package Fancyhdr Warning: \headheight is too small (12.0pt): 
 Make it at least 14.49998pt.
 We now make it that large for the rest of the document.
 This may cause the page layout to be inconsistent, however.

[11]

Package Fancyhdr Warning: \headheight is too small (12.0pt): 
 Make it at least 14.49998pt.
 We now make it that large for the rest of the document.
 This may cause the page layout to be inconsistent, however.

[12]

Package Fancyhdr Warning: \headheight is too small (12.0pt): 
 Make it at least 14.49998pt.
 We now make it that large for the rest of the document.
 This may cause the page layout to be inconsistent, however.

[13]

Package Fancyhdr Warning: \headheight is too small (12.0pt): 
 Make it at least 14.49998pt.
 We now make it that large for the rest of the document.
 This may cause the page layout to be inconsistent, however.

[14]

Package Fancyhdr Warning: \headheight is too small (12.0pt): 
 Make it at least 14.49998pt.
 We now make it that large for the rest of the document.
 This may cause the page layout to be inconsistent, however.

[15]

Package Fancyhdr Warning: \headheight is too small (12.0pt): 
 Make it at least 14.49998pt.
 We now make it that large for the rest of the document.
 This may cause the page layout to be inconsistent, however.

[16])
runsystem(rm "Parser Document".out.pyg)...executed.

runsystem(rm "Parser Document".pyg)...executed.

\openout3 = `"Parser Document.pyg"'.

runsystem(pygmentize -l prolog -f latex -F tokenmerge            -P linenos -P 
"verboptions= " -o "Parser Document".out.pyg "Parser Document".pyg)...executed.

 (./Parser Document.out.pyg

Package Fancyhdr Warning: \headheight is too small (12.0pt): 
 Make it at least 14.49998pt.
 We now make it that large for the rest of the document.
 This may cause the page layout to be inconsistent, however.

[17]

Package Fancyhdr Warning: \headheight is too small (12.0pt): 
 Make it at least 14.49998pt.
 We now make it that large for the rest of the document.
 This may cause the page layout to be inconsistent, however.

[18])
runsystem(rm "Parser Document".out.pyg)...executed.

runsystem(rm "Parser Document".pyg)...executed.

\openout3 = `"Parser Document.pyg"'.

runsystem(pygmentize -l haskell -f latex -F tokenmerge            -P linenos -P
 "verboptions= " -o "Parser Document".out.pyg "Parser Document".pyg)...executed
.

 (./Parser Document.out.pyg)
runsystem(rm "Parser Document".out.pyg)...executed.

runsystem(rm "Parser Document".pyg)...executed.

\openout3 = `"Parser Document.pyg"'.

runsystem(pygmentize -l haskell -f latex -F tokenmerge            -P linenos -P
 "verboptions= " -o "Parser Document".out.pyg "Parser Document".pyg)...executed
.

 (./Parser Document.out.pyg

Package Fancyhdr Warning: \headheight is too small (12.0pt): 
 Make it at least 14.49998pt.
 We now make it that large for the rest of the document.
 This may cause the page layout to be inconsistent, however.

[19]

Package Fancyhdr Warning: \headheight is too small (12.0pt): 
 Make it at least 14.49998pt.
 We now make it that large for the rest of the document.
 This may cause the page layout to be inconsistent, however.

[20]

Package Fancyhdr Warning: \headheight is too small (12.0pt): 
 Make it at least 14.49998pt.
 We now make it that large for the rest of the document.
 This may cause the page layout to be inconsistent, however.

[21]

Package Fancyhdr Warning: \headheight is too small (12.0pt): 
 Make it at least 14.49998pt.
 We now make it that large for the rest of the document.
 This may cause the page layout to be inconsistent, however.

[22]

Package Fancyhdr Warning: \headheight is too small (12.0pt): 
 Make it at least 14.49998pt.
 We now make it that large for the rest of the document.
 This may cause the page layout to be inconsistent, however.

[23])
runsystem(rm "Parser Document".out.pyg)...executed.

runsystem(rm "Parser Document".pyg)...executed.



Package Fancyhdr Warning: \headheight is too small (12.0pt): 
 Make it at least 14.49998pt.
 We now make it that large for the rest of the document.
 This may cause the page layout to be inconsistent, however.

[24]
! Extra }, or forgotten \endgroup.
l.1219 }
        
I've deleted a group-closing symbol because it seems to be
spurious, as in `$x}$'. But perhaps the } is legitimate and
you forgot something else, as in `\hbox{$x}'. In such cases
the way to recover is to insert both the forgotten and the
deleted material, e.g., by typing `I$}'.


Package Fancyhdr Warning: \headheight is too small (12.0pt): 
 Make it at least 14.49998pt.
 We now make it that large for the rest of the document.
 This may cause the page layout to be inconsistent, however.

[25

]
! Missing $ inserted.
<inserted text> 
                $
l.1269 
       
I've inserted a begin-math/end-math symbol since I think
you left one out. Proceed, with fingers crossed.

! Missing } inserted.
<inserted text> 
                }
l.1269 
       
I've inserted something that you may have forgotten.
(See the <inserted text> above.)
With luck, this will get me unwedged. But if you
really didn't forget anything, try typing `2' now; then
my insertion and my current dilemma will both disappear.

! Extra }, or forgotten \endgroup.
\par ...m \@noitemerr {\@@par }\fi \else {\@@par }
                                                  \fi 
l.1269 
       
I've deleted a group-closing symbol because it seems to be
spurious, as in `$x}$'. But perhaps the } is legitimate and
you forgot something else, as in `\hbox{$x}'. In such cases
the way to recover is to insert both the forgotten and the
deleted material, e.g., by typing `I$}'.


! LaTeX Error: There's no line here to end.

See the LaTeX manual or LaTeX Companion for explanation.
Type  H <return>  for immediate help.
 ...                                              
                                                  
l.1270   \\*A
             n expression,
Your command was ignored.
Type  I <command> <return>  to replace it with another command,
or  <return>  to continue without it.


Package Fancyhdr Warning: \headheight is too small (12.0pt): 
 Make it at least 14.49998pt.
 We now make it that large for the rest of the document.
 This may cause the page layout to be inconsistent, however.

[26

]
! Missing $ inserted.
<inserted text> 
                $
l.1271   \\*top(push(1,empty)) \rightarrow
                                           1
I've inserted a begin-math/end-math symbol since I think
you left one out. Proceed, with fingers crossed.

! Missing $ inserted.
<inserted text> 
                $
l.1273 
       
I've inserted a begin-math/end-math symbol since I think
you left one out. Proceed, with fingers crossed.

! Missing } inserted.
<inserted text> 
                }
l.1273 
       
I've inserted something that you may have forgotten.
(See the <inserted text> above.)
With luck, this will get me unwedged. But if you
really didn't forget anything, try typing `2' now; then
my insertion and my current dilemma will both disappear.

! Extra }, or forgotten \endgroup.
\par ...m \@noitemerr {\@@par }\fi \else {\@@par }
                                                  \fi 
l.1273 
       
I've deleted a group-closing symbol because it seems to be
spurious, as in `$x}$'. But perhaps the } is legitimate and
you forgot something else, as in `\hbox{$x}'. In such cases
the way to recover is to insert both the forgotten and the
deleted material, e.g., by typing `I$}'.


! LaTeX Error: Bad math environment delimiter.

See the LaTeX manual or LaTeX Companion for explanation.
Type  H <return>  for immediate help.
 ...                                              
                                                  
l.1274  \end{math}
                  
Your command was ignored.
Type  I <command> <return>  to replace it with another command,
or  <return>  to continue without it.


Package Fancyhdr Warning: \headheight is too small (12.0pt): 
 Make it at least 14.49998pt.
 We now make it that large for the rest of the document.
 This may cause the page layout to be inconsistent, however.

[27]
\openout3 = `"Parser Document.pyg"'.

runsystem(pygmentize -l haskell -f latex -F tokenmerge            -P linenos -P
 "verboptions= " -o "Parser Document".out.pyg "Parser Document".pyg)...executed
.

 (./Parser Document.out.pyg)
runsystem(rm "Parser Document".out.pyg)...executed.

runsystem(rm "Parser Document".pyg)...executed.

\openout3 = `"Parser Document.pyg"'.

runsystem(pygmentize -l haskell -f latex -F tokenmerge            -P linenos -P
 "verboptions= " -o "Parser Document".out.pyg "Parser Document".pyg)...executed
.

 (./Parser Document.out.pyg)
runsystem(rm "Parser Document".out.pyg)...executed.

runsystem(rm "Parser Document".pyg)...executed.

\openout4 = `"Parser Document.pyg"'.

runsystem(pygmentize -l haskell -f latex -F tokenmerge             -P "verbopti
ons= " -o "Parser Document".out.pyg "Parser Document".pyg)...executed.


(./Parser Document.out.pyg
Underfull \hbox (badness 10000) in paragraph at lines 1338--1

 []

)
runsystem(rm "Parser Document".out.pyg)...executed.

runsystem(rm "Parser Document".pyg)...executed.



Package Fancyhdr Warning: \headheight is too small (12.0pt): 
 Make it at least 14.49998pt.
 We now make it that large for the rest of the document.
 This may cause the page layout to be inconsistent, however.

[28]

! LaTeX Error: \begin{homeworkProblem} on input line 1224 ended by \end{homwork
Problem}.

See the LaTeX manual or LaTeX Companion for explanation.
Type  H <return>  for immediate help.
 ...                                              
                                                  
l.1370 \end{homworkProblem}
                           
Your command was ignored.
Type  I <command> <return>  to replace it with another command,
or  <return>  to continue without it.


Package Fancyhdr Warning: \headheight is too small (12.0pt): 
 Make it at least 14.49998pt.
 We now make it that large for the rest of the document.
 This may cause the page layout to be inconsistent, however.

[29]

Package Fancyhdr Warning: \headheight is too small (12.0pt): 
 Make it at least 14.49998pt.
 We now make it that large for the rest of the document.
 This may cause the page layout to be inconsistent, however.

[30

]
\openout4 = `"Parser Document.pyg"'.

runsystem(pygmentize -l haskell -f latex -F tokenmerge             -P "verbopti
ons= " -o "Parser Document".out.pyg "Parser Document".pyg)...executed.

 (./Parser Document.out.pyg)
runsystem(rm "Parser Document".out.pyg)...executed.

runsystem(rm "Parser Document".pyg)...executed.



! LaTeX Error: There's no line here to end.

See the LaTeX manual or LaTeX Companion for explanation.
Type  H <return>  for immediate help.
 ...                                              
                                                  
l.1436  \\* T
             his is how the Prolog works by default. It works using Proof Tr...

Your command was ignored.
Type  I <command> <return>  to replace it with another command,
or  <return>  to continue without it.

\openout4 = `"Parser Document.pyg"'.

runsystem(pygmentize -l haskell -f latex -F tokenmerge             -P "verbopti
ons= " -o "Parser Document".out.pyg "Parser Document".pyg)...executed.

(./Parser Document.out.pyg)
runsystem(rm "Parser Document".out.pyg)...executed.

runsystem(rm "Parser Document".pyg)...executed.

\openout4 = `"Parser Document.pyg"'.

runsystem(pygmentize -l haskell -f latex -F tokenmerge             -P "verbopti
ons= " -o "Parser Document".out.pyg "Parser Document".pyg)...executed.

 (./Parser Document.out.pyg

Package Fancyhdr Warning: \headheight is too small (12.0pt): 
 Make it at least 14.49998pt.
 We now make it that large for the rest of the document.
 This may cause the page layout to be inconsistent, however.

[31

])
runsystem(rm "Parser Document".out.pyg)...executed.

runsystem(rm "Parser Document".pyg)...executed.

\openout4 = `"Parser Document.pyg"'.

runsystem(pygmentize -l haskell -f latex -F tokenmerge             -P "verbopti
ons= " -o "Parser Document".out.pyg "Parser Document".pyg)...executed.

 (./Parser Document.out.pyg)
runsystem(rm "Parser Document".out.pyg)...executed.

runsystem(rm "Parser Document".pyg)...executed.



! LaTeX Error: \begin{enumerate} on input line 1433 ended by \end{homeworkProbl
em}.

See the LaTeX manual or LaTeX Companion for explanation.
Type  H <return>  for immediate help.
 ...                                              
                                                  
l.1448 \end{homeworkProblem}
                            
Your command was ignored.
Type  I <command> <return>  to replace it with another command,
or  <return>  to continue without it.


AED: lastpage setting LastPage

Package Fancyhdr Warning: \headheight is too small (12.0pt): 
 Make it at least 14.49998pt.
 We now make it that large for the rest of the document.
 This may cause the page layout to be inconsistent, however.

[32]

! LaTeX Error: \begin{homeworkProblem} on input line 1386 ended by \end{documen
t}.

See the LaTeX manual or LaTeX Companion for explanation.
Type  H <return>  for immediate help.
 ...                                              
                                                  
l.1481 \end{document}
                     
Your command was ignored.
Type  I <command> <return>  to replace it with another command,
or  <return>  to continue without it.

(./Parser Document.aux) )
(\end occurred inside a group at level 1)

### semi simple group (level 1) entered at line 1386 (\begingroup)
### bottom level 
Here is how much of TeX's memory you used:
 11800 strings out of 494985
 207710 string characters out of 6180356
 281694 words of memory out of 5000000
 14670 multiletter control sequences out of 15000+600000
 12572 words of font info for 44 fonts, out of 8000000 for 9000
 36 hyphenation exceptions out of 8191
 55i,12n,63p,841b,674s stack positions out of 5000i,500n,10000p,200000b,80000s
{/usr/share/texlive/texmf-dist/fonts/enc/dvips/base/8r.enc}</us
r/share/texlive/texmf-dist/fonts/type1/public/amsfonts/cm/cmbx12.pfb></usr/shar
e/texlive/texmf-dist/fonts/type1/public/amsfonts/cm/cmcsc10.pfb></usr/share/tex
live/texmf-dist/fonts/type1/public/amsfonts/cm/cmmi12.pfb></usr/share/texlive/t
exmf-dist/fonts/type1/public/amsfonts/cm/cmr10.pfb></usr/share/texlive/texmf-di
st/fonts/type1/public/amsfonts/cm/cmr12.pfb></usr/share/texlive/texmf-dist/font
s/type1/public/amsfonts/cm/cmr6.pfb></usr/share/texlive/texmf-dist/fonts/type1/
public/amsfonts/cm/cmsy10.pfb></usr/share/texlive/texmf-dist/fonts/type1/public
/amsfonts/cm/cmti12.pfb></usr/share/texlive/texmf-dist/fonts/type1/urw/courier/
ucrb8a.pfb></usr/share/texlive/texmf-dist/fonts/type1/urw/courier/ucrr8a.pfb></
usr/share/texlive/texmf-dist/fonts/type1/urw/courier/ucrro8a.pfb>
Output written on "Parser Document.pdf" (32 pages, 211406 bytes).
PDF statistics:
 156 PDF objects out of 1000 (max. 8388607)
 109 compressed objects within 2 object streams
 0 named destinations out of 1000 (max. 500000)
 13 words of extra memory for PDF output out of 10000 (max. 10000000)

